
> frontend@0.0.0 storybook
> storybook dev -p 6006 --port 6006 --ci

[1m@storybook/core v8.6.14[22m[0m
[0m
[33mThe CJS build of Vite's Node API is deprecated. See https://vite.dev/guide/troubleshooting.html#vite-cjs-node-api-deprecated for more details.[39m
info => Starting manager..
info => Starting preview..
info Using tsconfig paths for react-docgen
Re-optimizing dependencies because vite config has changed
╭─────────────────────────────────────────────────────────────────────╮
│                                                                     │
│   [38;2;162;224;94mStorybook [1m8.6.14[22m for [1mreact-vite[22m started[39m                           │
│   [90m[4m397 ms[24m for manager and [4m1.31 s[24m for preview[39m                         │
│                                                                     │
│   Local:            [36mhttp://localhost:6006/[39m                          │
│   On your network:  [36mhttp://100.83.52.43:6006/[39m                       │
│                                                                     │
│   [38;2;243;173;56mA new version ([1m10.2.13[22m) is available![39m                             │
│                                                                     │
│   [90mUpgrade now:[39m [38;2;162;224;94mnpx storybook@latest upgrade[39m                         │
│                                                                     │
│   [90mRead full changelog:[39m                                              │
│   [90m[4mhttps://github.com/storybookjs/storybook/blob/main/CHANGELOG.md[24m[39m   │
│                                                                     │
╰─────────────────────────────────────────────────────────────────────╯
[2m18:19:08[22m [36m[1m[vite][22m[39m [32m✨ new dependencies optimized: [33mmsw/browser, msw[32m[39m
[2m18:19:08[22m [36m[1m[vite][22m[39m [32m✨ optimized dependencies changed. reloading[39m
[2m18:24:36[22m [36m[1m[vite][22m[39m [32mhmr update [39m[2m/src/components/publications/PublicationsTopStrip.tsx, /@fs/C:/Users/Ciaran/Documents/GitHub/research-os-api/frontend/src/index.css[22m
[2m18:24:39[22m [36m[1m[vite][22m[39m [32mhmr update [39m[2m/src/pages/workspaces-page.tsx, /@fs/C:/Users/Ciaran/Documents/GitHub/research-os-api/frontend/src/index.css[22m
[2m18:24:43[22m [36m[1m[vite][22m[39m [32mhmr update [39m[2m/src/stories/design-system/_helpers/StoryFrame.tsx, /@fs/C:/Users/Ciaran/Documents/GitHub/research-os-api/frontend/src/index.css[22m
[2m18:25:00[22m [36m[1m[vite][22m[39m [32mpage reload [39m[2mstorybook-static/iframe.html[22m
[2m18:25:00[22m [36m[1m[vite][22m[39m [32mpage reload [39m[2mstorybook-static/index.html[22m
[2m18:25:01[22m [36m[1m[vite][22m[39m [32mpage reload [39m[2mstorybook-static/index.html[22m
[2m18:25:17[22m [36m[1m[vite][22m[39m [32mpage reload [39m[2mstorybook-static/iframe.html[22m
[2m18:26:36[22m [36m[1m[vite][22m[39m [32mpage reload [39m[2mstorybook-static/index.html[22m
[2m18:26:36[22m [36m[1m[vite][22m[39m [32mpage reload [39m[2mstorybook-static/iframe.html[22m
[2m18:26:37[22m [36m[1m[vite][22m[39m [32mpage reload [39m[2mstorybook-static/index.html[22m
[2m18:26:53[22m [36m[1m[vite][22m[39m [32mpage reload [39m[2mstorybook-static/iframe.html[22m
[2m18:27:37[22m [36m[1m[vite][22m[39m [32mpage reload [39m[2mstorybook-static/iframe.html[22m
[2m18:27:37[22m [36m[1m[vite][22m[39m [32mpage reload [39m[2mstorybook-static/index.html[22m
[2m18:27:38[22m [36m[1m[vite][22m[39m [32mpage reload [39m[2mstorybook-static/index.html[22m
[2m18:27:55[22m [36m[1m[vite][22m[39m [32mpage reload [39m[2mstorybook-static/iframe.html[22m
[2m18:28:24[22m [36m[1m[vite][22m[39m [32mpage reload [39m[2mstorybook-static/index.html[22m
[2m18:28:24[22m [36m[1m[vite][22m[39m [32mpage reload [39m[2mstorybook-static/iframe.html[22m
[2m18:28:25[22m [36m[1m[vite][22m[39m [32mpage reload [39m[2mstorybook-static/index.html[22m
[2m18:28:44[22m [36m[1m[vite][22m[39m [32mpage reload [39m[2mstorybook-static/iframe.html[22m
